<?xml version="1.0" encoding="UTF-8"?>
<testng-results ignored="2" total="4" passed="2" failed="0" skipped="0">
  <reporter-output>
  </reporter-output>
  <suite started-at="2022-01-21T21:12:33 AEDT" name="MyTestingSuiteChrome" finished-at="2022-01-21T21:12:57 AEDT" duration-ms="24112">
    <groups>
    </groups>
    <test started-at="2022-01-21T21:12:33 AEDT" name="RegressionTesting" finished-at="2022-01-21T21:12:46 AEDT" duration-ms="13753">
      <class name="CreateUserTestCase">
        <test-method is-config="true" signature="setReports()[pri:0, instance:CreateUserTestCase@2df3b89c]" started-at="2022-01-21T21:12:33 AEDT" name="setReports" finished-at="2022-01-21T21:12:33 AEDT" duration-ms="213" status="PASS">
          <reporter-output>
          </reporter-output>
        </test-method> <!-- setReports -->
        <test-method is-config="true" signature="setDriver(java.lang.String,java.lang.reflect.Method)[pri:0, instance:CreateUserTestCase@2df3b89c]" started-at="2022-01-21T21:12:33 AEDT" name="setDriver" finished-at="2022-01-21T21:12:38 AEDT" duration-ms="4758" status="PASS">
          <params>
            <param index="0">
              <value>
                <![CDATA[firefox]]>
              </value>
            </param>
            <param index="1">
              <value>
                <![CDATA[void CreateUserTestCase.createWarriorAndLogin()]]>
              </value>
            </param>
          </params>
          <reporter-output>
          </reporter-output>
        </test-method> <!-- setDriver -->
        <test-method signature="createWarriorAndLogin()[pri:0, instance:CreateUserTestCase@2df3b89c]" started-at="2022-01-21T21:12:38 AEDT" name="createWarriorAndLogin" finished-at="2022-01-21T21:12:45 AEDT" duration-ms="7844" status="PASS">
          <reporter-output>
          </reporter-output>
        </test-method> <!-- createWarriorAndLogin -->
        <test-method is-config="true" signature="afterMethod(org.testng.ITestResult)[pri:0, instance:CreateUserTestCase@2df3b89c]" started-at="2022-01-21T21:12:45 AEDT" name="afterMethod" finished-at="2022-01-21T21:12:46 AEDT" duration-ms="465" status="PASS">
          <params>
            <param index="0">
              <value>
                <![CDATA[[TestResult name=createWarriorAndLogin status=SUCCESS method=CreateUserTestCase.createWarriorAndLogin()[pri:0, instance:CreateUserTestCase@2df3b89c] output={null}]]]>
              </value>
            </param>
          </params>
          <reporter-output>
          </reporter-output>
        </test-method> <!-- afterMethod -->
        <test-method is-config="true" signature="afterTest()[pri:0, instance:CreateUserTestCase@2df3b89c]" started-at="2022-01-21T21:12:46 AEDT" name="afterTest" finished-at="2022-01-21T21:12:46 AEDT" duration-ms="423" status="PASS">
          <reporter-output>
          </reporter-output>
        </test-method> <!-- afterTest -->
      </class> <!-- CreateUserTestCase -->
    </test> <!-- RegressionTesting -->
    <test started-at="2022-01-21T21:12:47 AEDT" name="RegressionTestingFireFox" finished-at="2022-01-21T21:12:57 AEDT" duration-ms="10194">
      <class name="CreateUserTestCase">
        <test-method is-config="true" signature="setReports()[pri:0, instance:CreateUserTestCase@ed7f8b4]" started-at="2022-01-21T21:12:47 AEDT" name="setReports" finished-at="2022-01-21T21:12:47 AEDT" duration-ms="6" status="PASS">
          <reporter-output>
          </reporter-output>
        </test-method> <!-- setReports -->
        <test-method is-config="true" signature="setDriver(java.lang.String,java.lang.reflect.Method)[pri:0, instance:CreateUserTestCase@ed7f8b4]" started-at="2022-01-21T21:12:47 AEDT" name="setDriver" finished-at="2022-01-21T21:12:49 AEDT" duration-ms="2839" status="PASS">
          <params>
            <param index="0">
              <value>
                <![CDATA[firefox]]>
              </value>
            </param>
            <param index="1">
              <value>
                <![CDATA[void CreateUserTestCase.doSomeChallenges()]]>
              </value>
            </param>
          </params>
          <reporter-output>
          </reporter-output>
        </test-method> <!-- setDriver -->
        <test-method signature="doSomeChallenges()[pri:0, instance:CreateUserTestCase@ed7f8b4]" started-at="2022-01-21T21:12:49 AEDT" name="doSomeChallenges" finished-at="2022-01-21T21:12:56 AEDT" duration-ms="6733" status="PASS">
          <reporter-output>
          </reporter-output>
        </test-method> <!-- doSomeChallenges -->
        <test-method is-config="true" signature="afterMethod(org.testng.ITestResult)[pri:0, instance:CreateUserTestCase@ed7f8b4]" started-at="2022-01-21T21:12:56 AEDT" name="afterMethod" finished-at="2022-01-21T21:12:57 AEDT" duration-ms="492" status="PASS">
          <params>
            <param index="0">
              <value>
                <![CDATA[[TestResult name=doSomeChallenges status=SUCCESS method=CreateUserTestCase.doSomeChallenges()[pri:0, instance:CreateUserTestCase@ed7f8b4] output={null}]]]>
              </value>
            </param>
          </params>
          <reporter-output>
          </reporter-output>
        </test-method> <!-- afterMethod -->
        <test-method is-config="true" signature="afterTest()[pri:0, instance:CreateUserTestCase@ed7f8b4]" started-at="2022-01-21T21:12:57 AEDT" name="afterTest" finished-at="2022-01-21T21:12:57 AEDT" duration-ms="111" status="PASS">
          <reporter-output>
          </reporter-output>
        </test-method> <!-- afterTest -->
      </class> <!-- CreateUserTestCase -->
    </test> <!-- RegressionTestingFireFox -->
  </suite> <!-- MyTestingSuiteChrome -->
</testng-results>
