<?xml version="1.0" encoding="UTF-8"?>
<!-- Generated by org.testng.reporters.JUnitXMLReporter -->
<testsuite ignored="1" hostname="Rishabhs-MacBook-Pro.local" failures="0" tests="1" name="RegressionTesting" time="13.753" errors="0" timestamp="2022-01-21T21:12:47 AEDT">
  <testcase classname="CreateUserTestCase" name="createWarriorAndLogin" time="7.844"/>
  <testcase classname="CreateUserTestCase" name="doSomeChallenges" time="0.0">
    <ignored/>
  </testcase> <!-- doSomeChallenges -->
</testsuite> <!-- RegressionTesting -->
